{
  "RSpec": {
    "coverage": {
      "/Users/shadikhazaei/Documents/Projects/Bookmark-Manager/spec/setup_test_database.rb": [
        1,
        null,
        1,
        null,
        5,
        5,
        null,
        null
      ],
      "/Users/shadikhazaei/Documents/Projects/Bookmark-Manager/app.rb": [
        1,
        1,
        null,
        1,
        1,
        1,
        null,
        null,
        1,
        2,
        2,
        null,
        null,
        1,
        1,
        null,
        null,
        1,
        1,
        1,
        null,
        null,
        1,
        null
      ],
      "/Users/shadikhazaei/Documents/Projects/Bookmark-Manager/lib/bookmark.rb": [
        1,
        null,
        1,
        1,
        4,
        4,
        null,
        0,
        null,
        null,
        4,
        12,
        null,
        null,
        1,
        5,
        5,
        null,
        0,
        null,
        null,
        5,
        null,
        null,
        null
      ],
      "/Users/shadikhazaei/Documents/Projects/Bookmark-Manager/spec/bookmark_spec.rb": [
        1,
        null,
        1,
        1,
        1,
        1,
        null,
        1,
        1,
        1,
        null,
        1,
        1,
        1,
        1,
        null,
        null,
        null,
        1,
        1,
        1,
        1,
        null,
        null,
        null,
        null
      ],
      "/Users/shadikhazaei/Documents/Projects/Bookmark-Manager/spec/features/add_bookmark_spec.rb": [
        1,
        1,
        1,
        1,
        1,
        1,
        null,
        null
      ],
      "/Users/shadikhazaei/Documents/Projects/Bookmark-Manager/spec/features/view_bookmarks_spec.rb": [
        1,
        1,
        null,
        1,
        1,
        null,
        1,
        1,
        1,
        null,
        1,
        null,
        1,
        1,
        1,
        null,
        null
      ],
      "/Users/shadikhazaei/Documents/Projects/Bookmark-Manager/spec/features/visit_homepage_spec.rb": [
        1,
        null,
        1,
        1,
        1,
        1,
        null,
        null
      ]
    },
    "timestamp": 1579175811
  }
}
